<?xml version="1.0" encoding="UTF-8"?>
<!-- Generated by org.testng.reporters.JUnitReportReporter -->
<testsuite hostname="Jewells-MBP.home" failures="0" tests="1" name="com.qa.rest.tests.GetCallBDD" time="1.958" errors="0" timestamp="13 May 2019 14:42:26 GMT" skipped="0">
  <testcase classname="com.qa.rest.tests.GetCallBDD" name="test_numberOfCircuitsFor2017_Season" time="1.958"/>
</testsuite> <!-- com.qa.rest.tests.GetCallBDD -->
