<?xml version="1.0" encoding="UTF-8"?>
<!-- Generated by org.testng.reporters.JUnitReportReporter -->
<testsuite hostname="Jewells-MBP.fios-router.home" failures="0" tests="1" name="com.qa.rest.tests.GetCallBDD" time="1.288" errors="0" timestamp="06 Mar 2019 18:02:44 GMT" skipped="0">
  <testcase classname="com.qa.rest.tests.GetCallBDD" name="test_numberOfCircuitsFor2017_Season" time="1.288"/>
</testsuite> <!-- com.qa.rest.tests.GetCallBDD -->
